-------------------------------------------------------------------------------
Test set: com.qa.Package.TESTNG.MyFirstTestcasewithTESTNG
-------------------------------------------------------------------------------
Tests run: 1, Failures: 1, Errors: 0, Skipped: 0, Time elapsed: 0.667 s <<< FAILURE! - in com.qa.Package.TESTNG.MyFirstTestcasewithTESTNG
testLogout(com.qa.Package.TESTNG.MyFirstTestcasewithTESTNG)  Time elapsed: 0.016 s  <<< FAILURE!
java.lang.NullPointerException: Cannot invoke "org.openqa.selenium.WebDriver.findElement(org.openqa.selenium.By)" because "this.driver" is null
	at com.qa.Package.TESTNG.MyFirstTestcasewithTESTNG.testLogout(MyFirstTestcasewithTESTNG.java:27)

